<?xml version="1.0" encoding="UTF-8"?>
<testng-results ignored="0" total="2" passed="2" failed="0" skipped="0">
  <reporter-output>
  </reporter-output>
  <suite started-at="2021-10-16T17:32:52 IST" name="Default suite" finished-at="2021-10-16T17:32:52 IST" duration-ms="29">
    <groups>
    </groups>
    <test started-at="2021-10-16T17:32:52 IST" name="Default test" finished-at="2021-10-16T17:32:52 IST" duration-ms="29">
      <class name="Test.TestCalculate">
        <test-method is-config="true" signature="init()[pri:0, instance:Test.TestCalculate@6631f5ca]" started-at="2021-10-16T17:32:52 IST" name="init" finished-at="2021-10-16T17:32:52 IST" duration-ms="4" status="PASS">
          <reporter-output>
          </reporter-output>
        </test-method> <!-- init -->
        <test-method signature="emptyStringReturnsZero()[pri:0, instance:Test.TestCalculate@6631f5ca]" started-at="2021-10-16T17:32:52 IST" name="emptyStringReturnsZero" finished-at="2021-10-16T17:32:52 IST" duration-ms="5" status="PASS">
          <reporter-output>
          </reporter-output>
        </test-method> <!-- emptyStringReturnsZero -->
        <test-method signature="singleValueIsReplied()[pri:0, instance:Test.TestCalculate@6631f5ca]" started-at="2021-10-16T17:32:52 IST" name="singleValueIsReplied" finished-at="2021-10-16T17:32:52 IST" duration-ms="1" status="PASS">
          <reporter-output>
          </reporter-output>
        </test-method> <!-- singleValueIsReplied -->
      </class> <!-- Test.TestCalculate -->
    </test> <!-- Default test -->
  </suite> <!-- Default suite -->
</testng-results>
