<?xml version="1.0" encoding="UTF-8"?>
<testng-results ignored="0" total="4" passed="4" failed="0" skipped="0">
  <reporter-output>
  </reporter-output>
  <suite started-at="2021-10-16T18:37:16 IST" name="Default suite" finished-at="2021-10-16T18:37:16 IST" duration-ms="33">
    <groups>
    </groups>
    <test started-at="2021-10-16T18:37:16 IST" name="Default test" finished-at="2021-10-16T18:37:16 IST" duration-ms="33">
      <class name="Test.TestCalculate">
        <test-method is-config="true" signature="init()[pri:0, instance:Test.TestCalculate@27ff5d15]" started-at="2021-10-16T18:37:16 IST" name="init" finished-at="2021-10-16T18:37:16 IST" duration-ms="3" status="PASS">
          <reporter-output>
          </reporter-output>
        </test-method> <!-- init -->
        <test-method signature="emptyStringReturnsZero()[pri:0, instance:Test.TestCalculate@27ff5d15]" started-at="2021-10-16T18:37:16 IST" name="emptyStringReturnsZero" finished-at="2021-10-16T18:37:16 IST" duration-ms="5" status="PASS">
          <reporter-output>
          </reporter-output>
        </test-method> <!-- emptyStringReturnsZero -->
        <test-method signature="singleValueIsReplied()[pri:0, instance:Test.TestCalculate@27ff5d15]" started-at="2021-10-16T18:37:16 IST" name="singleValueIsReplied" finished-at="2021-10-16T18:37:16 IST" duration-ms="1" status="PASS">
          <reporter-output>
          </reporter-output>
        </test-method> <!-- singleValueIsReplied -->
        <test-method signature="twoNumbersCommaDelimitedReturnsSum()[pri:0, instance:Test.TestCalculate@27ff5d15]" started-at="2021-10-16T18:37:16 IST" name="twoNumbersCommaDelimitedReturnsSum" finished-at="2021-10-16T18:37:16 IST" duration-ms="1" status="PASS">
          <reporter-output>
          </reporter-output>
        </test-method> <!-- twoNumbersCommaDelimitedReturnsSum -->
        <test-method signature="twoNumbersNewLineDelimitedReturnsSum()[pri:0, instance:Test.TestCalculate@27ff5d15]" started-at="2021-10-16T18:37:16 IST" name="twoNumbersNewLineDelimitedReturnsSum" finished-at="2021-10-16T18:37:16 IST" duration-ms="1" status="PASS">
          <reporter-output>
          </reporter-output>
        </test-method> <!-- twoNumbersNewLineDelimitedReturnsSum -->
      </class> <!-- Test.TestCalculate -->
    </test> <!-- Default test -->
  </suite> <!-- Default suite -->
</testng-results>
