<?xml version="1.0" encoding="UTF-8"?>
<testng-results ignored="0" total="1" passed="1" failed="0" skipped="0">
  <reporter-output>
  </reporter-output>
  <suite started-at="2021-10-16T16:35:56 IST" name="Default suite" finished-at="2021-10-16T16:35:56 IST" duration-ms="33">
    <groups>
    </groups>
    <test started-at="2021-10-16T16:35:56 IST" name="Default test" finished-at="2021-10-16T16:35:56 IST" duration-ms="33">
      <class name="Test.TestCalculate">
        <test-method signature="emptyStringReturnsZero()[pri:0, instance:Test.TestCalculate@5939a379]" started-at="2021-10-16T16:35:56 IST" name="emptyStringReturnsZero" finished-at="2021-10-16T16:35:56 IST" duration-ms="6" status="PASS">
          <reporter-output>
          </reporter-output>
        </test-method> <!-- emptyStringReturnsZero -->
      </class> <!-- Test.TestCalculate -->
    </test> <!-- Default test -->
  </suite> <!-- Default suite -->
</testng-results>
