<?xml version="1.0" encoding="UTF-8"?>
<!-- Generated by org.testng.reporters.JUnitXMLReporter -->
<testsuite ignored="0" hostname="LAPTOP-2STQO06D" failures="0" tests="3" name="Default test" time="0.03" errors="0" timestamp="2021-10-16T18:26:47 IST">
  <testcase classname="Test.TestCalculate" name="emptyStringReturnsZero" time="0.005"/>
  <testcase classname="Test.TestCalculate" name="singleValueIsReplied" time="0.001"/>
  <testcase classname="Test.TestCalculate" name="twoNumbersCommaDelimitedReturnsSum" time="0.0"/>
</testsuite> <!-- Default test -->
